This file contains any messages produced by compilers while
running configure, to aid debugging if configure makes a mistake.

It was created by tslib configure 0.0.2, which was
generated by GNU Autoconf 2.69.  Invocation command line was

  $ ./configure --host=arm-linux --enable-inputapi=no --cache-file=arm-linux.cache --prefix=/home/shuimu/more/LinuxDriver/12_Touch/tslib/tmp

## --------- ##
## Platform. ##
## --------- ##

hostname = shuimur
uname -m = x86_64
uname -r = 4.10.0-40-generic
uname -s = Linux
uname -v = #44~16.04.1-Ubuntu SMP Thu Nov 9 15:37:44 UTC 2017

/usr/bin/uname -p = unknown
/bin/uname -X     = unknown

/bin/arch              = unknown
/usr/bin/arch -k       = unknown
/usr/convex/getsysinfo = unknown
/usr/bin/hostinfo      = unknown
/bin/machine           = unknown
/usr/bin/oslevel       = unknown
/bin/universe          = unknown

PATH: /home/shuimu/bin
PATH: /home/shuimu/.local/bin
PATH: /usr/local/sbin
PATH: /usr/local/bin
PATH: /usr/sbin
PATH: /usr/bin
PATH: /sbin
PATH: /bin
PATH: /usr/games
PATH: /usr/local/games
PATH: /opt/gcc-3.4.5-glibc-2.3.6/bin
PATH: /snap/bin
PATH: /opt/gcc-3.4.5-glibc-2.3.6/bin


## ----------- ##
## Core tests. ##
## ----------- ##

configure:2409: loading cache arm-linux.cache
configure:2539: checking for a BSD-compatible install
configure:2607: result: /usr/bin/install -c
configure:2618: checking whether build environment is sane
configure:2673: result: yes
configure:2732: checking for arm-linux-strip
configure:2748: found /opt/gcc-3.4.5-glibc-2.3.6/bin/arm-linux-strip
configure:2759: result: arm-linux-strip
configure:2824: checking for a thread-safe mkdir -p
configure:2863: result: /bin/mkdir -p
configure:2870: checking for gawk
configure:2900: result: no
configure:2870: checking for mawk
configure:2886: found /usr/bin/mawk
configure:2897: result: mawk
configure:2908: checking whether make sets $(MAKE)
configure:2930: result: yes
configure:2959: checking whether make supports nested variables
configure:2976: result: yes
configure:3131: checking for arm-linux-g++
configure:3147: found /opt/gcc-3.4.5-glibc-2.3.6/bin/arm-linux-g++
configure:3158: result: arm-linux-g++
configure:3229: checking for C++ compiler version
configure:3238: arm-linux-g++ --version >&5
arm-linux-g++ (GCC) 3.4.5
Copyright (C) 2004 Free Software Foundation, Inc.
This is free software; see the source for copying conditions.  There is NO
warranty; not even for MERCHANTABILITY or FITNESS FOR A PARTICULAR PURPOSE.

configure:3249: $? = 0
configure:3238: arm-linux-g++ -v >&5
Reading specs from /opt/gcc-3.4.5-glibc-2.3.6/bin/../lib/gcc/arm-linux/3.4.5/specs
Configured with: /work/tools/create_crosstools/crosstool-0.43/build/arm-linux/gcc-3.4.5-glibc-2.3.6/gcc-3.4.5/configure --target=arm-linux --host=i686-host_pc-linux-gnu --prefix=/work/tools/gcc-3.4.5-glibc-2.3.6 --with-float=soft --with-headers=/work/tools/gcc-3.4.5-glibc-2.3.6/arm-linux/include --with-local-prefix=/work/tools/gcc-3.4.5-glibc-2.3.6/arm-linux --disable-nls --enable-threads=posix --enable-symvers=gnu --enable-__cxa_atexit --enable-languages=c,c++ --enable-shared --enable-c99 --enable-long-long
Thread model: posix
gcc version 3.4.5
configure:3249: $? = 0
configure:3238: arm-linux-g++ -V >&5
arm-linux-g++: `-V' option must have argument
configure:3249: $? = 1
configure:3238: arm-linux-g++ -qversion >&5
arm-linux-g++: unrecognized option `-qversion'
arm-linux-g++: no input files
configure:3249: $? = 1
configure:3269: checking whether the C++ compiler works
configure:3291: arm-linux-g++    conftest.cpp  >&5
configure:3295: $? = 0
configure:3343: result: yes
configure:3346: checking for C++ compiler default output file name
configure:3348: result: a.out
configure:3354: checking for suffix of executables
configure:3361: arm-linux-g++ -o conftest    conftest.cpp  >&5
configure:3365: $? = 0
configure:3387: result: 
configure:3409: checking whether we are cross compiling
configure:3417: arm-linux-g++ -o conftest    conftest.cpp  >&5
configure:3421: $? = 0
configure:3428: ./conftest
./configure: line 3430: ./conftest: cannot execute binary file: Exec format error
configure:3432: $? = 126
configure:3447: result: yes
configure:3452: checking for suffix of object files
configure:3474: arm-linux-g++ -c   conftest.cpp >&5
configure:3478: $? = 0
configure:3499: result: o
configure:3503: checking whether we are using the GNU C++ compiler
configure:3522: arm-linux-g++ -c   conftest.cpp >&5
configure:3522: $? = 0
configure:3531: result: yes
configure:3540: checking whether arm-linux-g++ accepts -g
configure:3560: arm-linux-g++ -c -g  conftest.cpp >&5
configure:3560: $? = 0
configure:3601: result: yes
configure:3635: checking for style of include used by make
configure:3663: result: GNU
configure:3689: checking dependency style of arm-linux-g++
configure:3800: result: gcc3
configure:3823: checking for arm-linux-gcc
configure:3839: found /opt/gcc-3.4.5-glibc-2.3.6/bin/arm-linux-gcc
configure:3850: result: arm-linux-gcc
configure:4119: checking for C compiler version
configure:4128: arm-linux-gcc --version >&5
arm-linux-gcc (GCC) 3.4.5
Copyright (C) 2004 Free Software Foundation, Inc.
This is free software; see the source for copying conditions.  There is NO
warranty; not even for MERCHANTABILITY or FITNESS FOR A PARTICULAR PURPOSE.

configure:4139: $? = 0
configure:4128: arm-linux-gcc -v >&5
Reading specs from /opt/gcc-3.4.5-glibc-2.3.6/bin/../lib/gcc/arm-linux/3.4.5/specs
Configured with: /work/tools/create_crosstools/crosstool-0.43/build/arm-linux/gcc-3.4.5-glibc-2.3.6/gcc-3.4.5/configure --target=arm-linux --host=i686-host_pc-linux-gnu --prefix=/work/tools/gcc-3.4.5-glibc-2.3.6 --with-float=soft --with-headers=/work/tools/gcc-3.4.5-glibc-2.3.6/arm-linux/include --with-local-prefix=/work/tools/gcc-3.4.5-glibc-2.3.6/arm-linux --disable-nls --enable-threads=posix --enable-symvers=gnu --enable-__cxa_atexit --enable-languages=c,c++ --enable-shared --enable-c99 --enable-long-long
Thread model: posix
gcc version 3.4.5
configure:4139: $? = 0
configure:4128: arm-linux-gcc -V >&5
arm-linux-gcc: `-V' option must have argument
configure:4139: $? = 1
configure:4128: arm-linux-gcc -qversion >&5
arm-linux-gcc: unrecognized option `-qversion'
arm-linux-gcc: no input files
configure:4139: $? = 1
configure:4143: checking whether we are using the GNU C compiler
configure:4162: arm-linux-gcc -c -O2 -Wall -W  conftest.c >&5
configure:4162: $? = 0
configure:4171: result: yes
configure:4180: checking whether arm-linux-gcc accepts -g
configure:4200: arm-linux-gcc -c -g  conftest.c >&5
configure:4200: $? = 0
configure:4241: result: yes
configure:4258: checking for arm-linux-gcc option to accept ISO C89
configure:4321: arm-linux-gcc  -c -O2 -Wall -W  conftest.c >&5
configure:4321: $? = 0
configure:4334: result: none needed
configure:4359: checking whether arm-linux-gcc understands -c and -o together
configure:4381: arm-linux-gcc -c conftest.c -o conftest2.o
configure:4384: $? = 0
configure:4381: arm-linux-gcc -c conftest.c -o conftest2.o
configure:4384: $? = 0
configure:4396: result: yes
configure:4415: checking dependency style of arm-linux-gcc
configure:4526: result: gcc3
configure:4546: checking how to run the C preprocessor
configure:4577: arm-linux-gcc -E  conftest.c
configure:4577: $? = 0
configure:4591: arm-linux-gcc -E  conftest.c
conftest.c:11:28: ac_nonexistent.h: No such file or directory
configure:4591: $? = 1
configure: failed program was:
| /* confdefs.h */
| #define PACKAGE_NAME "tslib"
| #define PACKAGE_TARNAME "tslib"
| #define PACKAGE_VERSION "0.0.2"
| #define PACKAGE_STRING "tslib 0.0.2"
| #define PACKAGE_BUGREPORT "kergoth@handhelds.org"
| #define PACKAGE_URL ""
| #define PACKAGE "tslib"
| #define VERSION "0.0.2"
| /* end confdefs.h.  */
| #include <ac_nonexistent.h>
configure:4616: result: arm-linux-gcc -E
configure:4636: arm-linux-gcc -E  conftest.c
configure:4636: $? = 0
configure:4650: arm-linux-gcc -E  conftest.c
conftest.c:11:28: ac_nonexistent.h: No such file or directory
configure:4650: $? = 1
configure: failed program was:
| /* confdefs.h */
| #define PACKAGE_NAME "tslib"
| #define PACKAGE_TARNAME "tslib"
| #define PACKAGE_VERSION "0.0.2"
| #define PACKAGE_STRING "tslib 0.0.2"
| #define PACKAGE_BUGREPORT "kergoth@handhelds.org"
| #define PACKAGE_URL ""
| #define PACKAGE "tslib"
| #define VERSION "0.0.2"
| /* end confdefs.h.  */
| #include <ac_nonexistent.h>
configure:4682: checking whether the C compiler supports -fvisibility=hidden
configure:4699: arm-linux-gcc -c -fvisibility=hidden -O2 -Wall -W  conftest.c >&5
cc1: error: unrecognized command line option "-fvisibility=hidden"
configure:4699: $? = 1
configure: failed program was:
| /* confdefs.h */
| #define PACKAGE_NAME "tslib"
| #define PACKAGE_TARNAME "tslib"
| #define PACKAGE_VERSION "0.0.2"
| #define PACKAGE_STRING "tslib 0.0.2"
| #define PACKAGE_BUGREPORT "kergoth@handhelds.org"
| #define PACKAGE_URL ""
| #define PACKAGE "tslib"
| #define VERSION "0.0.2"
| /* end confdefs.h.  */
| 
| int
| main ()
| {
| 
|   ;
|   return 0;
| }
configure:4707: result: no
configure:4715: checking whether to use -fvisibility=hidden
configure:4732: result: no
configure:4738: checking whether ln -s works
configure:4742: result: yes
configure:4749: checking whether make sets $(MAKE)
configure:4771: result: yes
configure:4875: checking build system type
configure:4889: result: x86_64-pc-linux-gnu
configure:4909: checking host system type
configure:4922: result: arm-unknown-linux-gnu
configure:4963: checking how to print strings
configure:4990: result: printf
configure:5011: checking for a sed that does not truncate output
configure:5075: result: /bin/sed
configure:5093: checking for grep that handles long lines and -e
configure:5151: result: /bin/grep
configure:5156: checking for egrep
configure:5218: result: /bin/grep -E
configure:5223: checking for fgrep
configure:5285: result: /bin/grep -F
configure:5320: checking for ld used by arm-linux-gcc
configure:5387: result: /opt/gcc-3.4.5-glibc-2.3.6/arm-linux/bin/ld
configure:5394: checking if the linker (/opt/gcc-3.4.5-glibc-2.3.6/arm-linux/bin/ld) is GNU ld
configure:5409: result: yes
configure:5421: checking for BSD- or MS-compatible name lister (nm)
configure:5475: result: /opt/gcc-3.4.5-glibc-2.3.6/bin/arm-linux-nm -B
configure:5605: checking the name lister (/opt/gcc-3.4.5-glibc-2.3.6/bin/arm-linux-nm -B) interface
configure:5612: arm-linux-gcc -c -O2 -Wall -W  conftest.c >&5
configure:5615: /opt/gcc-3.4.5-glibc-2.3.6/bin/arm-linux-nm -B "conftest.o"
configure:5618: output
00000000 b $d
00000000 B some_variable
configure:5625: result: BSD nm
configure:5629: checking the maximum length of command line arguments
configure:5760: result: 1572864
configure:5808: checking how to convert x86_64-pc-linux-gnu file names to arm-unknown-linux-gnu format
configure:5848: result: func_convert_file_noop
configure:5855: checking how to convert x86_64-pc-linux-gnu file names to toolchain format
configure:5875: result: func_convert_file_noop
configure:5882: checking for /opt/gcc-3.4.5-glibc-2.3.6/arm-linux/bin/ld option to reload object files
configure:5889: result: -r
configure:5923: checking for arm-linux-objdump
configure:5939: found /opt/gcc-3.4.5-glibc-2.3.6/bin/arm-linux-objdump
configure:5950: result: arm-linux-objdump
configure:6022: checking how to recognize dependent libraries
configure:6222: result: pass_all
configure:6267: checking for arm-linux-dlltool
configure:6297: result: no
configure:6307: checking for dlltool
configure:6337: result: no
configure:6367: checking how to associate runtime and link libraries
configure:6394: result: printf %s\n
configure:6410: checking for arm-linux-ar
configure:6426: found /opt/gcc-3.4.5-glibc-2.3.6/bin/arm-linux-ar
configure:6437: result: arm-linux-ar
configure:6518: checking for archiver @FILE support
configure:6535: arm-linux-gcc -c -O2 -Wall -W  conftest.c >&5
configure:6535: $? = 0
configure:6538: arm-linux-ar cru libconftest.a @conftest.lst >&5
arm-linux-ar: '@conftest.lst': No such file
configure:6541: $? = 0
configure:6546: arm-linux-ar cru libconftest.a @conftest.lst >&5
arm-linux-ar: '@conftest.lst': No such file
configure:6549: $? = 0
configure:6561: result: no
configure:6579: checking for arm-linux-strip
configure:6606: result: arm-linux-strip
configure:6678: checking for arm-linux-ranlib
configure:6694: found /opt/gcc-3.4.5-glibc-2.3.6/bin/arm-linux-ranlib
configure:6705: result: arm-linux-ranlib
configure:6847: checking command to parse /opt/gcc-3.4.5-glibc-2.3.6/bin/arm-linux-nm -B output from arm-linux-gcc object
configure:7000: arm-linux-gcc -c -O2 -Wall -W  conftest.c >&5
configure:7003: $? = 0
configure:7007: /opt/gcc-3.4.5-glibc-2.3.6/bin/arm-linux-nm -B conftest.o \| sed -n -e 's/^.*[ ]\([ABCDGIRSTW][ABCDGIRSTW]*\)[ ][ ]*\([_A-Za-z][_A-Za-z0-9]*\)$/\1 \2 \2/p' | sed '/ __gnu_lto/d' \> conftest.nm
configure:7010: $? = 0
configure:7076: arm-linux-gcc -o conftest -O2 -Wall -W   conftest.c conftstm.o >&5
configure:7079: $? = 0
configure:7117: result: ok
configure:7164: checking for sysroot
configure:7194: result: no
configure:7201: checking for a working dd
configure:7239: result: /bin/dd
configure:7243: checking how to truncate binary pipes
configure:7258: result: /bin/dd bs=4096 count=1
configure:7547: checking for arm-linux-mt
configure:7577: result: no
configure:7587: checking for mt
configure:7603: found /bin/mt
configure:7614: result: mt
configure:7626: WARNING: using cross tools not prefixed with host triplet
configure:7637: checking if mt is a manifest tool
configure:7643: mt '-?'
configure:7651: result: no
configure:8324: checking for ANSI C header files
configure:8344: arm-linux-gcc -c -O2 -Wall -W  conftest.c >&5
configure:8344: $? = 0
configure:8428: result: yes
configure:8441: checking for sys/types.h
configure:8441: arm-linux-gcc -c -O2 -Wall -W  conftest.c >&5
configure:8441: $? = 0
configure:8441: result: yes
configure:8441: checking for sys/stat.h
configure:8441: arm-linux-gcc -c -O2 -Wall -W  conftest.c >&5
configure:8441: $? = 0
configure:8441: result: yes
configure:8441: checking for stdlib.h
configure:8441: arm-linux-gcc -c -O2 -Wall -W  conftest.c >&5
configure:8441: $? = 0
configure:8441: result: yes
configure:8441: checking for string.h
configure:8441: arm-linux-gcc -c -O2 -Wall -W  conftest.c >&5
configure:8441: $? = 0
configure:8441: result: yes
configure:8441: checking for memory.h
configure:8441: arm-linux-gcc -c -O2 -Wall -W  conftest.c >&5
configure:8441: $? = 0
configure:8441: result: yes
configure:8441: checking for strings.h
configure:8441: arm-linux-gcc -c -O2 -Wall -W  conftest.c >&5
configure:8441: $? = 0
configure:8441: result: yes
configure:8441: checking for inttypes.h
configure:8441: arm-linux-gcc -c -O2 -Wall -W  conftest.c >&5
configure:8441: $? = 0
configure:8441: result: yes
configure:8441: checking for stdint.h
configure:8441: arm-linux-gcc -c -O2 -Wall -W  conftest.c >&5
configure:8441: $? = 0
configure:8441: result: yes
configure:8441: checking for unistd.h
configure:8441: arm-linux-gcc -c -O2 -Wall -W  conftest.c >&5
configure:8441: $? = 0
configure:8441: result: yes
configure:8455: checking for dlfcn.h
configure:8455: arm-linux-gcc -c -O2 -Wall -W  conftest.c >&5
configure:8455: $? = 0
configure:8455: result: yes
configure:8660: checking for objdir
configure:8675: result: .libs
configure:8939: checking if arm-linux-gcc supports -fno-rtti -fno-exceptions
configure:8957: arm-linux-gcc -c -O2 -Wall -W  -fno-rtti -fno-exceptions conftest.c >&5
cc1: warning: command line option "-fno-rtti" is valid for C++/ObjC++ but not for C
configure:8961: $? = 0
configure:8974: result: no
configure:9332: checking for arm-linux-gcc option to produce PIC
configure:9339: result: -fPIC -DPIC
configure:9347: checking if arm-linux-gcc PIC flag -fPIC -DPIC works
configure:9365: arm-linux-gcc -c -O2 -Wall -W  -fPIC -DPIC -DPIC conftest.c >&5
configure:9369: $? = 0
configure:9382: result: yes
configure:9411: checking if arm-linux-gcc static flag -static works
configure:9439: result: yes
configure:9454: checking if arm-linux-gcc supports -c -o file.o
configure:9475: arm-linux-gcc -c -O2 -Wall -W  -o out/conftest2.o conftest.c >&5
configure:9479: $? = 0
configure:9501: result: yes
configure:9509: checking if arm-linux-gcc supports -c -o file.o
configure:9556: result: yes
configure:9589: checking whether the arm-linux-gcc linker (/opt/gcc-3.4.5-glibc-2.3.6/arm-linux/bin/ld) supports shared libraries
configure:10852: result: yes
configure:10889: checking whether -lc should be explicitly linked in
configure:10897: arm-linux-gcc -c -O2 -Wall -W  conftest.c >&5
configure:10900: $? = 0
configure:10915: arm-linux-gcc -shared  -fPIC -DPIC conftest.o  -v -Wl,-soname -Wl,conftest -o conftest 2\>\&1 \| /bin/grep  -lc  \>/dev/null 2\>\&1
configure:10918: $? = 0
configure:10932: result: no
configure:11092: checking dynamic linker characteristics
configure:11673: arm-linux-gcc -o conftest -O2 -Wall -W   -Wl,-rpath -Wl,/foo conftest.c  >&5
configure:11673: $? = 0
configure:11922: result: GNU/Linux ld.so
configure:12044: checking how to hardcode library paths into programs
configure:12069: result: immediate
configure:12171: checking for shl_load
configure:12171: arm-linux-gcc -o conftest -O2 -Wall -W   conftest.c  >&5
/tmp/ccQUS64W.o(.text+0x4): In function `main':
: undefined reference to `shl_load'
collect2: ld returned 1 exit status
configure:12171: $? = 1
configure: failed program was:
| /* confdefs.h */
| #define PACKAGE_NAME "tslib"
| #define PACKAGE_TARNAME "tslib"
| #define PACKAGE_VERSION "0.0.2"
| #define PACKAGE_STRING "tslib 0.0.2"
| #define PACKAGE_BUGREPORT "kergoth@handhelds.org"
| #define PACKAGE_URL ""
| #define PACKAGE "tslib"
| #define VERSION "0.0.2"
| #define STDC_HEADERS 1
| #define HAVE_SYS_TYPES_H 1
| #define HAVE_SYS_STAT_H 1
| #define HAVE_STDLIB_H 1
| #define HAVE_STRING_H 1
| #define HAVE_MEMORY_H 1
| #define HAVE_STRINGS_H 1
| #define HAVE_INTTYPES_H 1
| #define HAVE_STDINT_H 1
| #define HAVE_UNISTD_H 1
| #define HAVE_DLFCN_H 1
| #define LT_OBJDIR ".libs/"
| /* end confdefs.h.  */
| /* Define shl_load to an innocuous variant, in case <limits.h> declares shl_load.
|    For example, HP-UX 11i <limits.h> declares gettimeofday.  */
| #define shl_load innocuous_shl_load
| 
| /* System header to define __stub macros and hopefully few prototypes,
|     which can conflict with char shl_load (); below.
|     Prefer <limits.h> to <assert.h> if __STDC__ is defined, since
|     <limits.h> exists even on freestanding compilers.  */
| 
| #ifdef __STDC__
| # include <limits.h>
| #else
| # include <assert.h>
| #endif
| 
| #undef shl_load
| 
| /* Override any GCC internal prototype to avoid an error.
|    Use char because int might match the return type of a GCC
|    builtin and then its argument prototype would still apply.  */
| #ifdef __cplusplus
| extern "C"
| #endif
| char shl_load ();
| /* The GNU C library defines this for functions which it implements
|     to always fail with ENOSYS.  Some functions are actually named
|     something starting with __ and the normal name is an alias.  */
| #if defined __stub_shl_load || defined __stub___shl_load
| choke me
| #endif
| 
| int
| main ()
| {
| return shl_load ();
|   ;
|   return 0;
| }
configure:12171: result: no
configure:12175: checking for shl_load in -ldld
configure:12200: arm-linux-gcc -o conftest -O2 -Wall -W   conftest.c -ldld   >&5
/opt/gcc-3.4.5-glibc-2.3.6/bin/../lib/gcc/arm-linux/3.4.5/../../../../arm-linux/bin/ld: cannot find -ldld
collect2: ld returned 1 exit status
configure:12200: $? = 1
configure: failed program was:
| /* confdefs.h */
| #define PACKAGE_NAME "tslib"
| #define PACKAGE_TARNAME "tslib"
| #define PACKAGE_VERSION "0.0.2"
| #define PACKAGE_STRING "tslib 0.0.2"
| #define PACKAGE_BUGREPORT "kergoth@handhelds.org"
| #define PACKAGE_URL ""
| #define PACKAGE "tslib"
| #define VERSION "0.0.2"
| #define STDC_HEADERS 1
| #define HAVE_SYS_TYPES_H 1
| #define HAVE_SYS_STAT_H 1
| #define HAVE_STDLIB_H 1
| #define HAVE_STRING_H 1
| #define HAVE_MEMORY_H 1
| #define HAVE_STRINGS_H 1
| #define HAVE_INTTYPES_H 1
| #define HAVE_STDINT_H 1
| #define HAVE_UNISTD_H 1
| #define HAVE_DLFCN_H 1
| #define LT_OBJDIR ".libs/"
| /* end confdefs.h.  */
| 
| /* Override any GCC internal prototype to avoid an error.
|    Use char because int might match the return type of a GCC
|    builtin and then its argument prototype would still apply.  */
| #ifdef __cplusplus
| extern "C"
| #endif
| char shl_load ();
| int
| main ()
| {
| return shl_load ();
|   ;
|   return 0;
| }
configure:12209: result: no
configure:12214: checking for dlopen
configure:12214: arm-linux-gcc -o conftest -O2 -Wall -W   conftest.c  >&5
/tmp/ccUyYqqb.o(.text+0x4): In function `main':
: undefined reference to `dlopen'
collect2: ld returned 1 exit status
configure:12214: $? = 1
configure: failed program was:
| /* confdefs.h */
| #define PACKAGE_NAME "tslib"
| #define PACKAGE_TARNAME "tslib"
| #define PACKAGE_VERSION "0.0.2"
| #define PACKAGE_STRING "tslib 0.0.2"
| #define PACKAGE_BUGREPORT "kergoth@handhelds.org"
| #define PACKAGE_URL ""
| #define PACKAGE "tslib"
| #define VERSION "0.0.2"
| #define STDC_HEADERS 1
| #define HAVE_SYS_TYPES_H 1
| #define HAVE_SYS_STAT_H 1
| #define HAVE_STDLIB_H 1
| #define HAVE_STRING_H 1
| #define HAVE_MEMORY_H 1
| #define HAVE_STRINGS_H 1
| #define HAVE_INTTYPES_H 1
| #define HAVE_STDINT_H 1
| #define HAVE_UNISTD_H 1
| #define HAVE_DLFCN_H 1
| #define LT_OBJDIR ".libs/"
| /* end confdefs.h.  */
| /* Define dlopen to an innocuous variant, in case <limits.h> declares dlopen.
|    For example, HP-UX 11i <limits.h> declares gettimeofday.  */
| #define dlopen innocuous_dlopen
| 
| /* System header to define __stub macros and hopefully few prototypes,
|     which can conflict with char dlopen (); below.
|     Prefer <limits.h> to <assert.h> if __STDC__ is defined, since
|     <limits.h> exists even on freestanding compilers.  */
| 
| #ifdef __STDC__
| # include <limits.h>
| #else
| # include <assert.h>
| #endif
| 
| #undef dlopen
| 
| /* Override any GCC internal prototype to avoid an error.
|    Use char because int might match the return type of a GCC
|    builtin and then its argument prototype would still apply.  */
| #ifdef __cplusplus
| extern "C"
| #endif
| char dlopen ();
| /* The GNU C library defines this for functions which it implements
|     to always fail with ENOSYS.  Some functions are actually named
|     something starting with __ and the normal name is an alias.  */
| #if defined __stub_dlopen || defined __stub___dlopen
| choke me
| #endif
| 
| int
| main ()
| {
| return dlopen ();
|   ;
|   return 0;
| }
configure:12214: result: no
configure:12218: checking for dlopen in -ldl
configure:12243: arm-linux-gcc -o conftest -O2 -Wall -W   conftest.c -ldl   >&5
configure:12243: $? = 0
configure:12252: result: yes
configure:12371: checking whether a program can dlopen itself
configure:12472: result: cross
configure:12617: checking whether stripping libraries is possible
configure:12622: result: yes
configure:12657: checking if libtool supports shared libraries
configure:12659: result: yes
configure:12662: checking whether to build shared libraries
configure:12687: result: yes
configure:12690: checking whether to build static libraries
configure:12694: result: no
configure:12717: checking how to run the C++ preprocessor
configure:12744: arm-linux-g++ -E  conftest.cpp
configure:12744: $? = 0
configure:12758: arm-linux-g++ -E  conftest.cpp
conftest.cpp:23:28: ac_nonexistent.h: No such file or directory
configure:12758: $? = 1
configure: failed program was:
| /* confdefs.h */
| #define PACKAGE_NAME "tslib"
| #define PACKAGE_TARNAME "tslib"
| #define PACKAGE_VERSION "0.0.2"
| #define PACKAGE_STRING "tslib 0.0.2"
| #define PACKAGE_BUGREPORT "kergoth@handhelds.org"
| #define PACKAGE_URL ""
| #define PACKAGE "tslib"
| #define VERSION "0.0.2"
| #define STDC_HEADERS 1
| #define HAVE_SYS_TYPES_H 1
| #define HAVE_SYS_STAT_H 1
| #define HAVE_STDLIB_H 1
| #define HAVE_STRING_H 1
| #define HAVE_MEMORY_H 1
| #define HAVE_STRINGS_H 1
| #define HAVE_INTTYPES_H 1
| #define HAVE_STDINT_H 1
| #define HAVE_UNISTD_H 1
| #define HAVE_DLFCN_H 1
| #define LT_OBJDIR ".libs/"
| /* end confdefs.h.  */
| #include <ac_nonexistent.h>
configure:12783: result: arm-linux-g++ -E
configure:12803: arm-linux-g++ -E  conftest.cpp
configure:12803: $? = 0
configure:12817: arm-linux-g++ -E  conftest.cpp
conftest.cpp:23:28: ac_nonexistent.h: No such file or directory
configure:12817: $? = 1
configure: failed program was:
| /* confdefs.h */
| #define PACKAGE_NAME "tslib"
| #define PACKAGE_TARNAME "tslib"
| #define PACKAGE_VERSION "0.0.2"
| #define PACKAGE_STRING "tslib 0.0.2"
| #define PACKAGE_BUGREPORT "kergoth@handhelds.org"
| #define PACKAGE_URL ""
| #define PACKAGE "tslib"
| #define VERSION "0.0.2"
| #define STDC_HEADERS 1
| #define HAVE_SYS_TYPES_H 1
| #define HAVE_SYS_STAT_H 1
| #define HAVE_STDLIB_H 1
| #define HAVE_STRING_H 1
| #define HAVE_MEMORY_H 1
| #define HAVE_STRINGS_H 1
| #define HAVE_INTTYPES_H 1
| #define HAVE_STDINT_H 1
| #define HAVE_UNISTD_H 1
| #define HAVE_DLFCN_H 1
| #define LT_OBJDIR ".libs/"
| /* end confdefs.h.  */
| #include <ac_nonexistent.h>
configure:12979: checking for ld used by arm-linux-g++
configure:13046: result: /opt/gcc-3.4.5-glibc-2.3.6/arm-linux/bin/ld
configure:13053: checking if the linker (/opt/gcc-3.4.5-glibc-2.3.6/arm-linux/bin/ld) is GNU ld
configure:13068: result: yes
configure:13123: checking whether the arm-linux-g++ linker (/opt/gcc-3.4.5-glibc-2.3.6/arm-linux/bin/ld) supports shared libraries
configure:14196: result: yes
configure:14232: arm-linux-g++ -c -g -O2  conftest.cpp >&5
configure:14235: $? = 0
configure:14716: checking for arm-linux-g++ option to produce PIC
configure:14723: result: -fPIC -DPIC
configure:14731: checking if arm-linux-g++ PIC flag -fPIC -DPIC works
configure:14749: arm-linux-g++ -c -g -O2  -fPIC -DPIC -DPIC conftest.cpp >&5
configure:14753: $? = 0
configure:14766: result: yes
configure:14789: checking if arm-linux-g++ static flag -static works
configure:14817: result: yes
configure:14829: checking if arm-linux-g++ supports -c -o file.o
configure:14850: arm-linux-g++ -c -g -O2  -o out/conftest2.o conftest.cpp >&5
configure:14854: $? = 0
configure:14876: result: yes
configure:14881: checking if arm-linux-g++ supports -c -o file.o
configure:14928: result: yes
configure:14958: checking whether the arm-linux-g++ linker (/opt/gcc-3.4.5-glibc-2.3.6/arm-linux/bin/ld) supports shared libraries
configure:15001: result: yes
configure:15142: checking dynamic linker characteristics
configure:15899: result: GNU/Linux ld.so
configure:15964: checking how to hardcode library paths into programs
configure:15989: result: immediate
configure:16052: checking for dlopen in -ldl
configure:16086: result: yes
configure:16099: checking for size_t
configure:16099: arm-linux-gcc -c -O2 -Wall -W  conftest.c >&5
configure:16099: $? = 0
configure:16099: arm-linux-gcc -c -O2 -Wall -W  conftest.c >&5
conftest.c: In function `main':
conftest.c:60: error: syntax error before ')' token
configure:16099: $? = 1
configure: failed program was:
| /* confdefs.h */
| #define PACKAGE_NAME "tslib"
| #define PACKAGE_TARNAME "tslib"
| #define PACKAGE_VERSION "0.0.2"
| #define PACKAGE_STRING "tslib 0.0.2"
| #define PACKAGE_BUGREPORT "kergoth@handhelds.org"
| #define PACKAGE_URL ""
| #define PACKAGE "tslib"
| #define VERSION "0.0.2"
| #define STDC_HEADERS 1
| #define HAVE_SYS_TYPES_H 1
| #define HAVE_SYS_STAT_H 1
| #define HAVE_STDLIB_H 1
| #define HAVE_STRING_H 1
| #define HAVE_MEMORY_H 1
| #define HAVE_STRINGS_H 1
| #define HAVE_INTTYPES_H 1
| #define HAVE_STDINT_H 1
| #define HAVE_UNISTD_H 1
| #define HAVE_DLFCN_H 1
| #define LT_OBJDIR ".libs/"
| #define HAVE_LIBDL 1
| /* end confdefs.h.  */
| #include <stdio.h>
| #ifdef HAVE_SYS_TYPES_H
| # include <sys/types.h>
| #endif
| #ifdef HAVE_SYS_STAT_H
| # include <sys/stat.h>
| #endif
| #ifdef STDC_HEADERS
| # include <stdlib.h>
| # include <stddef.h>
| #else
| # ifdef HAVE_STDLIB_H
| #  include <stdlib.h>
| # endif
| #endif
| #ifdef HAVE_STRING_H
| # if !defined STDC_HEADERS && defined HAVE_MEMORY_H
| #  include <memory.h>
| # endif
| # include <string.h>
| #endif
| #ifdef HAVE_STRINGS_H
| # include <strings.h>
| #endif
| #ifdef HAVE_INTTYPES_H
| # include <inttypes.h>
| #endif
| #ifdef HAVE_STDINT_H
| # include <stdint.h>
| #endif
| #ifdef HAVE_UNISTD_H
| # include <unistd.h>
| #endif
| int
| main ()
| {
| if (sizeof ((size_t)))
| 	    return 0;
|   ;
|   return 0;
| }
configure:16099: result: yes
configure:16112: checking for working alloca.h
configure:16129: arm-linux-gcc -o conftest -O2 -Wall -W   conftest.c -ldl  >&5
configure:16129: $? = 0
configure:16137: result: yes
configure:16145: checking for alloca
configure:16182: arm-linux-gcc -o conftest -O2 -Wall -W   conftest.c -ldl  >&5
configure:16182: $? = 0
configure:16190: result: yes
configure:16296: checking for ANSI C header files
configure:16400: result: yes
configure:16411: checking fcntl.h usability
configure:16411: arm-linux-gcc -c -O2 -Wall -W  conftest.c >&5
configure:16411: $? = 0
configure:16411: result: yes
configure:16411: checking fcntl.h presence
configure:16411: arm-linux-gcc -E  conftest.c
configure:16411: $? = 0
configure:16411: result: yes
configure:16411: checking for fcntl.h
configure:16411: result: yes
configure:16411: checking limits.h usability
configure:16411: arm-linux-gcc -c -O2 -Wall -W  conftest.c >&5
configure:16411: $? = 0
configure:16411: result: yes
configure:16411: checking limits.h presence
configure:16411: arm-linux-gcc -E  conftest.c
configure:16411: $? = 0
configure:16411: result: yes
configure:16411: checking for limits.h
configure:16411: result: yes
configure:16411: checking for stdlib.h
configure:16411: result: yes
configure:16411: checking for string.h
configure:16411: result: yes
configure:16411: checking sys/ioctl.h usability
configure:16411: arm-linux-gcc -c -O2 -Wall -W  conftest.c >&5
configure:16411: $? = 0
configure:16411: result: yes
configure:16411: checking sys/ioctl.h presence
configure:16411: arm-linux-gcc -E  conftest.c
configure:16411: $? = 0
configure:16411: result: yes
configure:16411: checking for sys/ioctl.h
configure:16411: result: yes
configure:16411: checking sys/time.h usability
configure:16411: arm-linux-gcc -c -O2 -Wall -W  conftest.c >&5
configure:16411: $? = 0
configure:16411: result: yes
configure:16411: checking sys/time.h presence
configure:16411: arm-linux-gcc -E  conftest.c
configure:16411: $? = 0
configure:16411: result: yes
configure:16411: checking for sys/time.h
configure:16411: result: yes
configure:16411: checking for unistd.h
configure:16411: result: yes
configure:16423: checking for an ANSI C-conforming const
configure:16489: arm-linux-gcc -c -O2 -Wall -W  conftest.c >&5
configure:16489: $? = 0
configure:16496: result: yes
configure:16504: checking for inline
configure:16520: arm-linux-gcc -c -O2 -Wall -W  conftest.c >&5
configure:16520: $? = 0
configure:16528: result: inline
configure:16546: checking for size_t
configure:16546: result: yes
configure:16557: checking whether time.h and sys/time.h may both be included
configure:16577: arm-linux-gcc -c -O2 -Wall -W  conftest.c >&5
configure:16577: $? = 0
configure:16584: result: yes
configure:16595: checking whether arm-linux-gcc needs -traditional
configure:16629: result: no
configure:16638: checking for stdlib.h
configure:16638: result: yes
configure:16648: checking for GNU libc compatible malloc
configure:16682: result: yes
configure:16709: checking for stdlib.h
configure:16709: result: yes
configure:16709: checking for unistd.h
configure:16709: result: yes
configure:16709: checking for sys/param.h
configure:16709: arm-linux-gcc -c -O2 -Wall -W  conftest.c >&5
configure:16709: $? = 0
configure:16709: result: yes
configure:16729: checking for getpagesize
configure:16729: arm-linux-gcc -o conftest -O2 -Wall -W   conftest.c -ldl  >&5
configure:16729: $? = 0
configure:16729: result: yes
configure:16738: checking for working mmap
configure:16895: result: no
configure:16907: checking sys/select.h usability
configure:16907: arm-linux-gcc -c -O2 -Wall -W  conftest.c >&5
configure:16907: $? = 0
configure:16907: result: yes
configure:16907: checking sys/select.h presence
configure:16907: arm-linux-gcc -E  conftest.c
configure:16907: $? = 0
configure:16907: result: yes
configure:16907: checking for sys/select.h
configure:16907: result: yes
configure:16907: checking sys/socket.h usability
configure:16907: arm-linux-gcc -c -O2 -Wall -W  conftest.c >&5
configure:16907: $? = 0
configure:16907: result: yes
configure:16907: checking sys/socket.h presence
configure:16907: arm-linux-gcc -E  conftest.c
configure:16907: $? = 0
configure:16907: result: yes
configure:16907: checking for sys/socket.h
configure:16907: result: yes
configure:16917: checking types of arguments for select
configure:16945: arm-linux-gcc -c -O2 -Wall -W  conftest.c >&5
configure:16945: $? = 0
configure:16956: result: int,fd_set *,struct timeval *
configure:16979: checking return type of signal handlers
configure:16997: arm-linux-gcc -c -O2 -Wall -W  conftest.c >&5
conftest.c: In function `main':
conftest.c:52: error: void value not ignored as it ought to be
configure:16997: $? = 1
configure: failed program was:
| /* confdefs.h */
| #define PACKAGE_NAME "tslib"
| #define PACKAGE_TARNAME "tslib"
| #define PACKAGE_VERSION "0.0.2"
| #define PACKAGE_STRING "tslib 0.0.2"
| #define PACKAGE_BUGREPORT "kergoth@handhelds.org"
| #define PACKAGE_URL ""
| #define PACKAGE "tslib"
| #define VERSION "0.0.2"
| #define STDC_HEADERS 1
| #define HAVE_SYS_TYPES_H 1
| #define HAVE_SYS_STAT_H 1
| #define HAVE_STDLIB_H 1
| #define HAVE_STRING_H 1
| #define HAVE_MEMORY_H 1
| #define HAVE_STRINGS_H 1
| #define HAVE_INTTYPES_H 1
| #define HAVE_STDINT_H 1
| #define HAVE_UNISTD_H 1
| #define HAVE_DLFCN_H 1
| #define LT_OBJDIR ".libs/"
| #define HAVE_LIBDL 1
| #define HAVE_ALLOCA_H 1
| #define HAVE_ALLOCA 1
| #define STDC_HEADERS 1
| #define HAVE_FCNTL_H 1
| #define HAVE_LIMITS_H 1
| #define HAVE_STDLIB_H 1
| #define HAVE_STRING_H 1
| #define HAVE_SYS_IOCTL_H 1
| #define HAVE_SYS_TIME_H 1
| #define HAVE_UNISTD_H 1
| #define TIME_WITH_SYS_TIME 1
| #define HAVE_STDLIB_H 1
| #define HAVE_MALLOC 1
| #define HAVE_STDLIB_H 1
| #define HAVE_UNISTD_H 1
| #define HAVE_SYS_PARAM_H 1
| #define HAVE_GETPAGESIZE 1
| #define HAVE_SYS_SELECT_H 1
| #define HAVE_SYS_SOCKET_H 1
| #define SELECT_TYPE_ARG1 int
| #define SELECT_TYPE_ARG234 (fd_set *)
| #define SELECT_TYPE_ARG5 (struct timeval *)
| /* end confdefs.h.  */
| #include <sys/types.h>
| #include <signal.h>
| 
| int
| main ()
| {
| return *(signal (0, 0)) (0) == 1;
|   ;
|   return 0;
| }
configure:17004: result: void
configure:17012: checking whether lstat correctly handles trailing slash
configure:17055: result: no
configure:17074: checking whether stat accepts an empty string
configure:17104: result: yes
configure:17122: checking for vprintf
configure:17122: arm-linux-gcc -o conftest -O2 -Wall -W   conftest.c -ldl  >&5
conftest.c:71: warning: conflicting types for built-in function 'vprintf'
configure:17122: $? = 0
configure:17122: result: yes
configure:17128: checking for _doprnt
configure:17128: arm-linux-gcc -o conftest -O2 -Wall -W   conftest.c -ldl  >&5
/tmp/ccg7e7rh.o(.text+0x4): In function `main':
: undefined reference to `_doprnt'
collect2: ld returned 1 exit status
configure:17128: $? = 1
configure: failed program was:
| /* confdefs.h */
| #define PACKAGE_NAME "tslib"
| #define PACKAGE_TARNAME "tslib"
| #define PACKAGE_VERSION "0.0.2"
| #define PACKAGE_STRING "tslib 0.0.2"
| #define PACKAGE_BUGREPORT "kergoth@handhelds.org"
| #define PACKAGE_URL ""
| #define PACKAGE "tslib"
| #define VERSION "0.0.2"
| #define STDC_HEADERS 1
| #define HAVE_SYS_TYPES_H 1
| #define HAVE_SYS_STAT_H 1
| #define HAVE_STDLIB_H 1
| #define HAVE_STRING_H 1
| #define HAVE_MEMORY_H 1
| #define HAVE_STRINGS_H 1
| #define HAVE_INTTYPES_H 1
| #define HAVE_STDINT_H 1
| #define HAVE_UNISTD_H 1
| #define HAVE_DLFCN_H 1
| #define LT_OBJDIR ".libs/"
| #define HAVE_LIBDL 1
| #define HAVE_ALLOCA_H 1
| #define HAVE_ALLOCA 1
| #define STDC_HEADERS 1
| #define HAVE_FCNTL_H 1
| #define HAVE_LIMITS_H 1
| #define HAVE_STDLIB_H 1
| #define HAVE_STRING_H 1
| #define HAVE_SYS_IOCTL_H 1
| #define HAVE_SYS_TIME_H 1
| #define HAVE_UNISTD_H 1
| #define TIME_WITH_SYS_TIME 1
| #define HAVE_STDLIB_H 1
| #define HAVE_MALLOC 1
| #define HAVE_STDLIB_H 1
| #define HAVE_UNISTD_H 1
| #define HAVE_SYS_PARAM_H 1
| #define HAVE_GETPAGESIZE 1
| #define HAVE_SYS_SELECT_H 1
| #define HAVE_SYS_SOCKET_H 1
| #define SELECT_TYPE_ARG1 int
| #define SELECT_TYPE_ARG234 (fd_set *)
| #define SELECT_TYPE_ARG5 (struct timeval *)
| #define RETSIGTYPE void
| #define HAVE_STAT_EMPTY_STRING_BUG 1
| #define HAVE_VPRINTF 1
| /* end confdefs.h.  */
| /* Define _doprnt to an innocuous variant, in case <limits.h> declares _doprnt.
|    For example, HP-UX 11i <limits.h> declares gettimeofday.  */
| #define _doprnt innocuous__doprnt
| 
| /* System header to define __stub macros and hopefully few prototypes,
|     which can conflict with char _doprnt (); below.
|     Prefer <limits.h> to <assert.h> if __STDC__ is defined, since
|     <limits.h> exists even on freestanding compilers.  */
| 
| #ifdef __STDC__
| # include <limits.h>
| #else
| # include <assert.h>
| #endif
| 
| #undef _doprnt
| 
| /* Override any GCC internal prototype to avoid an error.
|    Use char because int might match the return type of a GCC
|    builtin and then its argument prototype would still apply.  */
| #ifdef __cplusplus
| extern "C"
| #endif
| char _doprnt ();
| /* The GNU C library defines this for functions which it implements
|     to always fail with ENOSYS.  Some functions are actually named
|     something starting with __ and the normal name is an alias.  */
| #if defined __stub__doprnt || defined __stub____doprnt
| choke me
| #endif
| 
| int
| main ()
| {
| return _doprnt ();
|   ;
|   return 0;
| }
configure:17128: result: no
configure:17142: checking for bzero
configure:17142: arm-linux-gcc -o conftest -O2 -Wall -W   conftest.c -ldl  >&5
conftest.c:72: warning: conflicting types for built-in function 'bzero'
configure:17142: $? = 0
configure:17142: result: yes
configure:17142: checking for gettimeofday
configure:17142: arm-linux-gcc -o conftest -O2 -Wall -W   conftest.c -ldl  >&5
configure:17142: $? = 0
configure:17142: result: yes
configure:17142: checking for memmove
configure:17142: arm-linux-gcc -o conftest -O2 -Wall -W   conftest.c -ldl  >&5
conftest.c:74: warning: conflicting types for built-in function 'memmove'
configure:17142: $? = 0
configure:17142: result: yes
configure:17142: checking for memset
configure:17142: arm-linux-gcc -o conftest -O2 -Wall -W   conftest.c -ldl  >&5
conftest.c:75: warning: conflicting types for built-in function 'memset'
configure:17142: $? = 0
configure:17142: result: yes
configure:17142: checking for munmap
configure:17142: arm-linux-gcc -o conftest -O2 -Wall -W   conftest.c -ldl  >&5
configure:17142: $? = 0
configure:17142: result: yes
configure:17142: checking for select
configure:17142: arm-linux-gcc -o conftest -O2 -Wall -W   conftest.c -ldl  >&5
configure:17142: $? = 0
configure:17142: result: yes
configure:17142: checking for strcasecmp
configure:17142: arm-linux-gcc -o conftest -O2 -Wall -W   conftest.c -ldl  >&5
configure:17142: $? = 0
configure:17142: result: yes
configure:17142: checking for strchr
configure:17142: arm-linux-gcc -o conftest -O2 -Wall -W   conftest.c -ldl  >&5
conftest.c:79: warning: conflicting types for built-in function 'strchr'
configure:17142: $? = 0
configure:17142: result: yes
configure:17142: checking for strdup
configure:17142: arm-linux-gcc -o conftest -O2 -Wall -W   conftest.c -ldl  >&5
conftest.c:80: warning: conflicting types for built-in function 'strdup'
configure:17142: $? = 0
configure:17142: result: yes
configure:17142: checking for strtoul
configure:17142: arm-linux-gcc -o conftest -O2 -Wall -W   conftest.c -ldl  >&5
configure:17142: $? = 0
configure:17142: result: yes
configure:17153: checking whether linear modules is requested
configure:17162: result: yes
configure:17173: checking whether dejitter module is requested
configure:17182: result: yes
configure:17193: checking whether linear-h2200 module is requested
configure:17202: result: yes
configure:17213: checking whether variance module is requested
configure:17222: result: yes
configure:17233: checking whether pthres module is requested
configure:17242: result: yes
configure:17255: checking whether ucb1x00 module is requested
configure:17264: result: yes
configure:17275: checking whether corgi module is requested
configure:17284: result: yes
configure:17295: checking whether collie module is requested
configure:17304: result: yes
configure:17316: checking whether h3600 module is requested
configure:17325: result: yes
configure:17336: checking whether mk712 module is requested
configure:17345: result: yes
configure:17356: checking whether arctic2 module is requested
configure:17365: result: yes
configure:17376: checking whether input module is requested
configure:17385: result: yes
configure:17396: checking where to place modules
configure:17406: result: ${libdir}/ts/
configure:17410: checking whether to enable debugging
configure:17419: result: no
configure:17511: updating cache arm-linux.cache
configure:17554: checking that generated files are newer than configure
configure:17560: result: done
configure:17635: creating ./config.status

## ---------------------- ##
## Running config.status. ##
## ---------------------- ##

This file was extended by tslib config.status 0.0.2, which was
generated by GNU Autoconf 2.69.  Invocation command line was

  CONFIG_FILES    = 
  CONFIG_HEADERS  = 
  CONFIG_LINKS    = 
  CONFIG_COMMANDS = 
  $ ./config.status 

on shuimur

config.status:1223: creating Makefile
config.status:1223: creating etc/Makefile
config.status:1223: creating plugins/Makefile
config.status:1223: creating src/Makefile
config.status:1223: creating tests/Makefile
config.status:1223: creating tslib-0.0.pc
config.status:1223: creating config.h
config.status:1452: executing depfiles commands
config.status:1452: executing libtool commands
configure:20044: WARNING: unrecognized options: --enable-inputapi

## ---------------- ##
## Cache variables. ##
## ---------------- ##

ac_cv_build=x86_64-pc-linux-gnu
ac_cv_c_compiler_gnu=yes
ac_cv_c_const=yes
ac_cv_c_inline=inline
ac_cv_cxx_compiler_gnu=yes
ac_cv_env_CCC_set=
ac_cv_env_CCC_value=
ac_cv_env_CC_set=
ac_cv_env_CC_value=
ac_cv_env_CFLAGS_set=
ac_cv_env_CFLAGS_value=
ac_cv_env_CPPFLAGS_set=
ac_cv_env_CPPFLAGS_value=
ac_cv_env_CPP_set=
ac_cv_env_CPP_value=
ac_cv_env_CXXCPP_set=
ac_cv_env_CXXCPP_value=
ac_cv_env_CXXFLAGS_set=
ac_cv_env_CXXFLAGS_value=
ac_cv_env_CXX_set=
ac_cv_env_CXX_value=
ac_cv_env_LDFLAGS_set=
ac_cv_env_LDFLAGS_value=
ac_cv_env_LIBS_set=
ac_cv_env_LIBS_value=
ac_cv_env_LT_SYS_LIBRARY_PATH_set=
ac_cv_env_LT_SYS_LIBRARY_PATH_value=
ac_cv_env_build_alias_set=
ac_cv_env_build_alias_value=
ac_cv_env_host_alias_set=set
ac_cv_env_host_alias_value=arm-linux
ac_cv_env_target_alias_set=
ac_cv_env_target_alias_value=
ac_cv_func__doprnt=no
ac_cv_func_alloca_works=yes
ac_cv_func_bzero=yes
ac_cv_func_dlopen=no
ac_cv_func_getpagesize=yes
ac_cv_func_gettimeofday=yes
ac_cv_func_lstat_dereferences_slashed_symlink=no
ac_cv_func_malloc_0_nonnull=yes
ac_cv_func_memmove=yes
ac_cv_func_memset=yes
ac_cv_func_mmap_fixed_mapped=no
ac_cv_func_munmap=yes
ac_cv_func_select=yes
ac_cv_func_select_args='int,fd_set *,struct timeval *'
ac_cv_func_shl_load=no
ac_cv_func_stat_empty_string_bug=yes
ac_cv_func_strcasecmp=yes
ac_cv_func_strchr=yes
ac_cv_func_strdup=yes
ac_cv_func_strtoul=yes
ac_cv_func_vprintf=yes
ac_cv_header_dlfcn_h=yes
ac_cv_header_fcntl_h=yes
ac_cv_header_inttypes_h=yes
ac_cv_header_limits_h=yes
ac_cv_header_memory_h=yes
ac_cv_header_stdc=yes
ac_cv_header_stdint_h=yes
ac_cv_header_stdlib_h=yes
ac_cv_header_string_h=yes
ac_cv_header_strings_h=yes
ac_cv_header_sys_ioctl_h=yes
ac_cv_header_sys_param_h=yes
ac_cv_header_sys_select_h=yes
ac_cv_header_sys_socket_h=yes
ac_cv_header_sys_stat_h=yes
ac_cv_header_sys_time_h=yes
ac_cv_header_sys_types_h=yes
ac_cv_header_time=yes
ac_cv_header_unistd_h=yes
ac_cv_host=arm-unknown-linux-gnu
ac_cv_lib_dl_dlopen=yes
ac_cv_lib_dld_shl_load=no
ac_cv_objext=o
ac_cv_path_EGREP='/bin/grep -E'
ac_cv_path_FGREP='/bin/grep -F'
ac_cv_path_GREP=/bin/grep
ac_cv_path_SED=/bin/sed
ac_cv_path_install='/usr/bin/install -c'
ac_cv_path_lt_DD=/bin/dd
ac_cv_path_mkdir=/bin/mkdir
ac_cv_prog_AR=arm-linux-ar
ac_cv_prog_AWK=mawk
ac_cv_prog_CC=arm-linux-gcc
ac_cv_prog_CPP='arm-linux-gcc -E'
ac_cv_prog_CXX=arm-linux-g++
ac_cv_prog_CXXCPP='arm-linux-g++ -E'
ac_cv_prog_OBJDUMP=arm-linux-objdump
ac_cv_prog_RANLIB=arm-linux-ranlib
ac_cv_prog_STRIP=arm-linux-strip
ac_cv_prog_ac_ct_MANIFEST_TOOL=mt
ac_cv_prog_cc_c89=
ac_cv_prog_cc_g=yes
ac_cv_prog_cxx_g=yes
ac_cv_prog_gcc_traditional=no
ac_cv_prog_make_make_set=yes
ac_cv_type_signal=void
ac_cv_type_size_t=yes
ac_cv_working_alloca_h=yes
am_cv_CC_dependencies_compiler_type=gcc3
am_cv_CXX_dependencies_compiler_type=gcc3
am_cv_make_support_nested_variables=yes
am_cv_prog_cc_c_o=yes
bb_cv_cc_supports_hidden_visibility=no
lt_cv_ar_at_file=no
lt_cv_archive_cmds_need_lc=no
lt_cv_deplibs_check_method=pass_all
lt_cv_dlopen=dlopen
lt_cv_dlopen_libs=-ldl
lt_cv_dlopen_self=cross
lt_cv_file_magic_cmd='$MAGIC_CMD'
lt_cv_file_magic_test_file=
lt_cv_ld_reload_flag=-r
lt_cv_nm_interface='BSD nm'
lt_cv_objdir=.libs
lt_cv_path_LD=/opt/gcc-3.4.5-glibc-2.3.6/arm-linux/bin/ld
lt_cv_path_LDCXX=/opt/gcc-3.4.5-glibc-2.3.6/arm-linux/bin/ld
lt_cv_path_NM='/opt/gcc-3.4.5-glibc-2.3.6/bin/arm-linux-nm -B'
lt_cv_path_mainfest_tool=no
lt_cv_prog_compiler_c_o=yes
lt_cv_prog_compiler_c_o_CXX=yes
lt_cv_prog_compiler_pic='-fPIC -DPIC'
lt_cv_prog_compiler_pic_CXX='-fPIC -DPIC'
lt_cv_prog_compiler_pic_works=yes
lt_cv_prog_compiler_pic_works_CXX=yes
lt_cv_prog_compiler_rtti_exceptions=no
lt_cv_prog_compiler_static_works=yes
lt_cv_prog_compiler_static_works_CXX=yes
lt_cv_prog_gnu_ld=yes
lt_cv_prog_gnu_ldcxx=yes
lt_cv_sharedlib_from_linklib_cmd='printf %s\n'
lt_cv_shlibpath_overrides_runpath=no
lt_cv_sys_global_symbol_pipe='sed -n -e '\''s/^.*[	 ]\([ABCDGIRSTW][ABCDGIRSTW]*\)[	 ][	 ]*\([_A-Za-z][_A-Za-z0-9]*\)$/\1 \2 \2/p'\'' | sed '\''/ __gnu_lto/d'\'''
lt_cv_sys_global_symbol_to_c_name_address='sed -n -e '\''s/^: \(.*\) .*$/  {"\1", (void *) 0},/p'\'' -e '\''s/^[ABCDGIRSTW][ABCDGIRSTW]* .* \(.*\)$/  {"\1", (void *) \&\1},/p'\'''
lt_cv_sys_global_symbol_to_c_name_address_lib_prefix='sed -n -e '\''s/^: \(.*\) .*$/  {"\1", (void *) 0},/p'\'' -e '\''s/^[ABCDGIRSTW][ABCDGIRSTW]* .* \(lib.*\)$/  {"\1", (void *) \&\1},/p'\'' -e '\''s/^[ABCDGIRSTW][ABCDGIRSTW]* .* \(.*\)$/  {"lib\1", (void *) \&\1},/p'\'''
lt_cv_sys_global_symbol_to_cdecl='sed -n -e '\''s/^T .* \(.*\)$/extern int \1();/p'\'' -e '\''s/^[ABCDGIRSTW][ABCDGIRSTW]* .* \(.*\)$/extern char \1;/p'\'''
lt_cv_sys_global_symbol_to_import=
lt_cv_sys_max_cmd_len=1572864
lt_cv_to_host_file_cmd=func_convert_file_noop
lt_cv_to_tool_file_cmd=func_convert_file_noop
lt_cv_truncate_bin='/bin/dd bs=4096 count=1'

## ----------------- ##
## Output variables. ##
## ----------------- ##

ACLOCAL='${SHELL} /home/shuimu/more/LinuxDriver/12_Touch/tslib/missing aclocal-1.15'
ALLOCA=''
AMDEPBACKSLASH='\'
AMDEP_FALSE='#'
AMDEP_TRUE=''
AMTAR='$${TAR-tar}'
AM_BACKSLASH='\'
AM_DEFAULT_V='$(AM_DEFAULT_VERBOSITY)'
AM_DEFAULT_VERBOSITY='1'
AM_V='$(V)'
AR='arm-linux-ar'
AUTOCONF='${SHELL} /home/shuimu/more/LinuxDriver/12_Touch/tslib/missing autoconf'
AUTOHEADER='${SHELL} /home/shuimu/more/LinuxDriver/12_Touch/tslib/missing autoheader'
AUTOMAKE='${SHELL} /home/shuimu/more/LinuxDriver/12_Touch/tslib/missing automake-1.15'
AWK='mawk'
CC='arm-linux-gcc'
CCDEPMODE='depmode=gcc3'
CFLAGS='-O2 -Wall -W'
CPP='arm-linux-gcc -E'
CPPFLAGS=''
CXX='arm-linux-g++'
CXXCPP='arm-linux-g++ -E'
CXXDEPMODE='depmode=gcc3'
CXXFLAGS='-g -O2'
CYGPATH_W='echo'
DEBUGFLAGS=''
DEFS='-DHAVE_CONFIG_H'
DEPDIR='.deps'
DLLTOOL='false'
DSYMUTIL=''
DUMPBIN=''
ECHO_C=''
ECHO_N='-n'
ECHO_T=''
EGREP='/bin/grep -E'
ENABLE_ARCTIC2_MODULE_FALSE='#'
ENABLE_ARCTIC2_MODULE_TRUE=''
ENABLE_COLLIE_MODULE_FALSE='#'
ENABLE_COLLIE_MODULE_TRUE=''
ENABLE_CORGI_MODULE_FALSE='#'
ENABLE_CORGI_MODULE_TRUE=''
ENABLE_DEJITTER_MODULE_FALSE='#'
ENABLE_DEJITTER_MODULE_TRUE=''
ENABLE_H2200_LINEAR_MODULE_FALSE='#'
ENABLE_H2200_LINEAR_MODULE_TRUE=''
ENABLE_H3600_MODULE_FALSE='#'
ENABLE_H3600_MODULE_TRUE=''
ENABLE_INPUT_MODULE_FALSE='#'
ENABLE_INPUT_MODULE_TRUE=''
ENABLE_LINEAR_MODULE_FALSE='#'
ENABLE_LINEAR_MODULE_TRUE=''
ENABLE_MK712_MODULE_FALSE='#'
ENABLE_MK712_MODULE_TRUE=''
ENABLE_PTHRES_MODULE_FALSE='#'
ENABLE_PTHRES_MODULE_TRUE=''
ENABLE_UCB1X00_MODULE_FALSE='#'
ENABLE_UCB1X00_MODULE_TRUE=''
ENABLE_VARIANCE_MODULE_FALSE='#'
ENABLE_VARIANCE_MODULE_TRUE=''
EXEEXT=''
FGREP='/bin/grep -F'
GREP='/bin/grep'
INSTALL_DATA='${INSTALL} -m 644'
INSTALL_PROGRAM='${INSTALL}'
INSTALL_SCRIPT='${INSTALL}'
INSTALL_STRIP_PROGRAM='$(install_sh) -c -s'
LD='/opt/gcc-3.4.5-glibc-2.3.6/arm-linux/bin/ld'
LDFLAGS=''
LIBFLAGS='-DTSLIB_INTERNAL'
LIBOBJS=' ${LIBOBJDIR}lstat$U.o ${LIBOBJDIR}stat$U.o'
LIBS='-ldl '
LIBTOOL='$(SHELL) $(top_builddir)/libtool'
LIPO=''
LN_S='ln -s'
LTLIBOBJS=' ${LIBOBJDIR}lstat$U.lo ${LIBOBJDIR}stat$U.lo'
LT_AGE='1'
LT_CURRENT='1'
LT_RELEASE='0.0'
LT_REVISION='1'
LT_SYS_LIBRARY_PATH=''
MAKEINFO='${SHELL} /home/shuimu/more/LinuxDriver/12_Touch/tslib/missing makeinfo'
MANIFEST_TOOL=':'
MKDIR_P='/bin/mkdir -p'
NM='/opt/gcc-3.4.5-glibc-2.3.6/bin/arm-linux-nm -B'
NMEDIT=''
OBJDUMP='arm-linux-objdump'
OBJEXT='o'
OTOOL64=''
OTOOL=''
PACKAGE='tslib'
PACKAGE_BUGREPORT='kergoth@handhelds.org'
PACKAGE_DESCRIPTION='Touchscreen Access Library'
PACKAGE_NAME='tslib'
PACKAGE_STRING='tslib 0.0.2'
PACKAGE_TARNAME='tslib'
PACKAGE_URL=''
PACKAGE_VERSION='0.0.2'
PATH_SEPARATOR=':'
PLUGIN_DIR='${libdir}/ts/'
RANLIB='arm-linux-ranlib'
SED='/bin/sed'
SET_MAKE=''
SHELL='/bin/bash'
STRIP='arm-linux-strip'
TS_CONF='${sysconfdir}/ts.conf'
VERSION='0.0.2'
VIS_CFLAGS=''
ac_ct_AR=''
ac_ct_CC=''
ac_ct_CXX=''
ac_ct_DUMPBIN=''
am__EXEEXT_FALSE=''
am__EXEEXT_TRUE='#'
am__fastdepCC_FALSE='#'
am__fastdepCC_TRUE=''
am__fastdepCXX_FALSE='#'
am__fastdepCXX_TRUE=''
am__include='include'
am__isrc=''
am__leading_dot='.'
am__nodep='_no'
am__quote=''
am__tar='$${TAR-tar} chof - "$$tardir"'
am__untar='$${TAR-tar} xf -'
bindir='${exec_prefix}/bin'
build='x86_64-pc-linux-gnu'
build_alias=''
build_cpu='x86_64'
build_os='linux-gnu'
build_vendor='pc'
datadir='${datarootdir}'
datarootdir='${prefix}/share'
docdir='${datarootdir}/doc/${PACKAGE_TARNAME}'
dvidir='${docdir}'
exec_prefix='${prefix}'
host='arm-unknown-linux-gnu'
host_alias='arm-linux'
host_cpu='arm'
host_os='linux-gnu'
host_vendor='unknown'
htmldir='${docdir}'
includedir='${prefix}/include'
infodir='${datarootdir}/info'
install_sh='${SHELL} /home/shuimu/more/LinuxDriver/12_Touch/tslib/install-sh'
libdir='${exec_prefix}/lib'
libexecdir='${exec_prefix}/libexec'
localedir='${datarootdir}/locale'
localstatedir='${prefix}/var'
mandir='${datarootdir}/man'
mkdir_p='$(MKDIR_P)'
oldincludedir='/usr/include'
pdfdir='${docdir}'
prefix='/home/shuimu/more/LinuxDriver/12_Touch/tslib/tmp'
program_transform_name='s,x,x,'
psdir='${docdir}'
runstatedir='${localstatedir}/run'
sbindir='${exec_prefix}/sbin'
sharedstatedir='${prefix}/com'
sysconfdir='${prefix}/etc'
target_alias=''

## ----------- ##
## confdefs.h. ##
## ----------- ##

/* confdefs.h */
#define PACKAGE_NAME "tslib"
#define PACKAGE_TARNAME "tslib"
#define PACKAGE_VERSION "0.0.2"
#define PACKAGE_STRING "tslib 0.0.2"
#define PACKAGE_BUGREPORT "kergoth@handhelds.org"
#define PACKAGE_URL ""
#define PACKAGE "tslib"
#define VERSION "0.0.2"
#define STDC_HEADERS 1
#define HAVE_SYS_TYPES_H 1
#define HAVE_SYS_STAT_H 1
#define HAVE_STDLIB_H 1
#define HAVE_STRING_H 1
#define HAVE_MEMORY_H 1
#define HAVE_STRINGS_H 1
#define HAVE_INTTYPES_H 1
#define HAVE_STDINT_H 1
#define HAVE_UNISTD_H 1
#define HAVE_DLFCN_H 1
#define LT_OBJDIR ".libs/"
#define HAVE_LIBDL 1
#define HAVE_ALLOCA_H 1
#define HAVE_ALLOCA 1
#define STDC_HEADERS 1
#define HAVE_FCNTL_H 1
#define HAVE_LIMITS_H 1
#define HAVE_STDLIB_H 1
#define HAVE_STRING_H 1
#define HAVE_SYS_IOCTL_H 1
#define HAVE_SYS_TIME_H 1
#define HAVE_UNISTD_H 1
#define TIME_WITH_SYS_TIME 1
#define HAVE_STDLIB_H 1
#define HAVE_MALLOC 1
#define HAVE_STDLIB_H 1
#define HAVE_UNISTD_H 1
#define HAVE_SYS_PARAM_H 1
#define HAVE_GETPAGESIZE 1
#define HAVE_SYS_SELECT_H 1
#define HAVE_SYS_SOCKET_H 1
#define SELECT_TYPE_ARG1 int
#define SELECT_TYPE_ARG234 (fd_set *)
#define SELECT_TYPE_ARG5 (struct timeval *)
#define RETSIGTYPE void
#define HAVE_STAT_EMPTY_STRING_BUG 1
#define HAVE_VPRINTF 1
#define HAVE_BZERO 1
#define HAVE_GETTIMEOFDAY 1
#define HAVE_MEMMOVE 1
#define HAVE_MEMSET 1
#define HAVE_MUNMAP 1
#define HAVE_SELECT 1
#define HAVE_STRCASECMP 1
#define HAVE_STRCHR 1
#define HAVE_STRDUP 1
#define HAVE_STRTOUL 1

configure: exit 0

## ---------------------- ##
## Running config.status. ##
## ---------------------- ##

This file was extended by tslib config.status 0.0.2, which was
generated by GNU Autoconf 2.69.  Invocation command line was

  CONFIG_FILES    = 
  CONFIG_HEADERS  = 
  CONFIG_LINKS    = 
  CONFIG_COMMANDS = 
  $ ./config.status config.h

on shuimur

config.status:1223: creating config.h
config.status:1404: config.h is unchanged
